{"level":"error","message":"Current stream is 3. Max number of streams is 3","success":false,"timestamp":"2022-09-07T10:37:42.621Z"}
{"level":"error","message":{"message":"Current stream is 3. Max number of streams is 3","success":false,"userID":"123"},"service":"count-streams","timestamp":"2022-09-07T10:43:18.774Z"}
{
  service: 'count-streams',
  level: 'error',
  message: {
    success: false,
    message: 'Current stream is 3. Max number of streams is 3',
    userID: '123'
  },
  timestamp: '2022-09-07T10:48:16.236Z'
}
{
  service: 'count-streams',
  level: 'error',
  message: {
    success: false,
    message: 'Current stream is 3. Max number of streams is 3',
    userID: '123'
  },
  timestamp: '2022-09-07T10:48:35.062Z'
}
{
  service: 'count-streams',
  level: 'error',
  message: {
    success: false,
    message: 'Current stream is 3. Max number of streams is 3',
    userID: '123'
  },
  timestamp: '2022-09-07T10:48:41.198Z'
}
{
  service: 'count-streams',
  level: 'error',
  message: 'Current stream is 3. Max number of streams is 3',
  timestamp: '2022-09-07T10:49:51.288Z'
}
{
  service: 'count-streams',
  level: 'error',
  message: {
    success: false,
    message: 'Current stream is 3. Max number of streams is 3',
    userID: '123'
  },
  timestamp: '2022-09-07T10:54:34.365Z'
}
{
  service: 'count-streams',
  level: 'error',
  message: {
    success: false,
    message: 'Current stream is 3. Max number of streams is 3',
    userID: '123'
  },
  timestamp: '2022-09-07T10:57:59.040Z'
}
{
  service: 'count-streams',
  level: 'error',
  message: {
    success: false,
    message: 'Current stream is 3. Max number of streams is 3',
    userID: '123'
  },
  timestamp: '2022-09-07T11:00:32.381Z'
}
{
  service: 'count-streams',
  level: 'error',
  message: {
    success: false,
    message: 'Current stream is 3. Max number of streams is 3',
    userID: '123'
  },
  timestamp: '2022-09-07T11:01:36.981Z'
}
